<?xml version="1.0" encoding="UTF-8"?>
<testsuites tests="1" failures="0" errors="0" skipped="0">
  <testsuite name="web driver io task 4" timestamp="2024-04-15T02:25:41" time="25.118" tests="1" failures="0" errors="0" skipped="0">
    <properties>
      <property name="specId" value="0"/>
      <property name="suiteName" value="web driver io task 4"/>
      <property name="capabilities" value="chrome.123_0_6312_107.windows"/>
      <property name="file" value="file:///C:/Users/vaheo/Desktop/EPAM_QA/Automation/wdio_4/src/tests/task4.tests.js"/>
    </properties>
    <testcase classname="chrome.123_0_6312_107.windows.web_driver_io_task_4" name="calculating the estimate" time="25.117">
      <system-out><![CDATA[
COMMAND: POST /session/08ed74c1927f16c870b7cdac8219f8f0/url - {"url":"https://cloud.google.com/"}
RESULT: {"url":"https://cloud.google.com/"}
COMMAND: POST /session/08ed74c1927f16c870b7cdac8219f8f0/element - {"using":"css selector","value":".YSM5S"}
RESULT: {"using":"css selector","value":".YSM5S"}
COMMAND: POST /session/08ed74c1927f16c870b7cdac8219f8f0/element/f.0AF132DE3A7EC802AB76F0F2AB448356.d.6C7970DEFA048855298C7141D98FFB69.e.37/click - {}
RESULT: {}
COMMAND: POST /session/08ed74c1927f16c870b7cdac8219f8f0/element - {"using":"css selector","value":"input[class='qdOxv-fmcmS-wGMbrd']"}
RESULT: {"using":"css selector","value":"input[class='qdOxv-fmcmS-wGMbrd']"}
COMMAND: POST /session/08ed74c1927f16c870b7cdac8219f8f0/element/f.0AF132DE3A7EC802AB76F0F2AB448356.d.6C7970DEFA048855298C7141D98FFB69.e.11/clear - {}
RESULT: {}
COMMAND: POST /session/08ed74c1927f16c870b7cdac8219f8f0/element/f.0AF132DE3A7EC802AB76F0F2AB448356.d.6C7970DEFA048855298C7141D98FFB69.e.11/value - {"text":"Google Cloud Platform Pricing Calculator"}
RESULT: {"text":"Google Cloud Platform Pricing Calculator"}
COMMAND: POST /session/08ed74c1927f16c870b7cdac8219f8f0/actions - {"actions":[{"id":"action1","type":"key","parameters":{},"actions":[{"type":"keyDown","value":""},{"type":"pause","duration":10},{"type":"keyUp","value":""}]}]}
RESULT: {"actions":[{"id":"action1","type":"key","parameters":{},"actions":[{"type":"keyDown","value":""},{"type":"pause","duration":10},{"type":"keyUp","value":""}]}]}
COMMAND: POST /session/08ed74c1927f16c870b7cdac8219f8f0/url - {"url":"https://cloud.google.com/products/calculator-legacy?hl=es-419"}
RESULT: {"url":"https://cloud.google.com/products/calculator-legacy?hl=es-419"}
COMMAND: POST /session/08ed74c1927f16c870b7cdac8219f8f0/element - {"using":"css selector","value":"devsite-iframe iframe"}
RESULT: {"using":"css selector","value":"devsite-iframe iframe"}
COMMAND: POST /session/08ed74c1927f16c870b7cdac8219f8f0/elements - {"using":"css selector","value":"devsite-iframe iframe"}
RESULT: {"using":"css selector","value":"devsite-iframe iframe"}
COMMAND: POST /session/08ed74c1927f16c870b7cdac8219f8f0/frame - {"id":{"sessionId":"08ed74c1927f16c870b7cdac8219f8f0","elementId":"f.0AF132DE3A7EC802AB76F0F2AB448356.d.196A44EF6F79CEED5BDEADCFC35632D5.e.60","element-6066-11e4-a52e-4f735466cecf":"f.0AF132DE3A7EC802AB76F0F2AB448356.d.196A44EF6F79CEED5BDEADCFC35632D5.e.60","selector":"devsite-iframe iframe","parent":{"capabilities":{"acceptInsecureCerts":false,"browserName":"chrome","browserVersion":"123.0.6312.107","chrome":{"chromedriverVersion":"123.0.6312.122 (31f8248cdd90acbac59f700b603fed0b5967ca50-refs/branch-heads/6312@{#824})","userDataDir":"C:\\Users\\vaheo\\AppData\\Local\\Temp\\scoped_dir23968_1513554748"},"fedcm:accounts":true,"goog:chromeOptions":{"debuggerAddress":"localhost:62893"},"networkConnectionEnabled":false,"pageLoadStrategy":"normal","platformName":"windows","proxy":{},"_":"10 more keys: [\"setWindowRect\",\"strictFileInteractability\",\"timeouts\",\"unhandledPromptBehavior\",\"webauthn:extension:credBlob\",\"webauthn:extension:largeBlob\",\"webauthn:extension:minPinLength\",\"webauthn:extension:prf\",\"webauthn:virtualAuthenticators\",\"wdio:driverPID\"]"}},"isReactElement":false,"isShadowElement":false}}
RESULT: {"id":{"sessionId":"08ed74c1927f16c870b7cdac8219f8f0","elementId":"f.0AF132DE3A7EC802AB76F0F2AB448356.d.196A44EF6F79CEED5BDEADCFC35632D5.e.60","element-6066-11e4-a52e-4f735466cecf":"f.0AF132DE3A7EC802AB76F0F2AB448356.d.196A44EF6F79CEED5BDEADCFC35632D5.e.60","selector":"devsite-iframe iframe","parent":{"capabilities":{"acceptInsecureCerts":false,"browserName":"chrome","browserVersion":"123.0.6312.107","chrome":{"chromedriverVersion":"123.0.6312.122 (31f8248cdd90acbac59f700b603fed0b5967ca50-refs/branch-heads/6312@{#824})","userDataDir":"C:\\Users\\vaheo\\AppData\\Local\\Temp\\scoped_dir23968_1513554748"},"fedcm:accounts":true,"goog:chromeOptions":{"debuggerAddress":"localhost:62893"},"networkConnectionEnabled":false,"pageLoadStrategy":"normal","platformName":"windows","proxy":{},"_":"10 more keys: [\"setWindowRect\",\"strictFileInteractability\",\"timeouts\",\"unhandledPromptBehavior\",\"webauthn:extension:credBlob\",\"webauthn:extension:largeBlob\",\"webauthn:extension:minPinLength\",\"webauthn:extension:prf\",\"webauthn:virtualAuthenticators\",\"wdio:driverPID\"]"}},"isReactElement":false,"isShadowElement":false}}
COMMAND: POST /session/08ed74c1927f16c870b7cdac8219f8f0/element - {"using":"css selector","value":"#myFrame"}
RESULT: {"using":"css selector","value":"#myFrame"}
COMMAND: POST /session/08ed74c1927f16c870b7cdac8219f8f0/elements - {"using":"css selector","value":"#myFrame"}
RESULT: {"using":"css selector","value":"#myFrame"}
COMMAND: POST /session/08ed74c1927f16c870b7cdac8219f8f0/frame - {"id":{"sessionId":"08ed74c1927f16c870b7cdac8219f8f0","elementId":"f.2690432B00A7198470C2B3DF95535877.d.A05C3385AC302CEBE36070325F268F05.e.3","element-6066-11e4-a52e-4f735466cecf":"f.2690432B00A7198470C2B3DF95535877.d.A05C3385AC302CEBE36070325F268F05.e.3","selector":"#myFrame","parent":{"capabilities":{"acceptInsecureCerts":false,"browserName":"chrome","browserVersion":"123.0.6312.107","chrome":{"chromedriverVersion":"123.0.6312.122 (31f8248cdd90acbac59f700b603fed0b5967ca50-refs/branch-heads/6312@{#824})","userDataDir":"C:\\Users\\vaheo\\AppData\\Local\\Temp\\scoped_dir23968_1513554748"},"fedcm:accounts":true,"goog:chromeOptions":{"debuggerAddress":"localhost:62893"},"networkConnectionEnabled":false,"pageLoadStrategy":"normal","platformName":"windows","proxy":{},"_":"10 more keys: [\"setWindowRect\",\"strictFileInteractability\",\"timeouts\",\"unhandledPromptBehavior\",\"webauthn:extension:credBlob\",\"webauthn:extension:largeBlob\",\"webauthn:extension:minPinLength\",\"webauthn:extension:prf\",\"webauthn:virtualAuthenticators\",\"wdio:driverPID\"]"}},"isReactElement":false,"isShadowElement":false}}
RESULT: {"id":{"sessionId":"08ed74c1927f16c870b7cdac8219f8f0","elementId":"f.2690432B00A7198470C2B3DF95535877.d.A05C3385AC302CEBE36070325F268F05.e.3","element-6066-11e4-a52e-4f735466cecf":"f.2690432B00A7198470C2B3DF95535877.d.A05C3385AC302CEBE36070325F268F05.e.3","selector":"#myFrame","parent":{"capabilities":{"acceptInsecureCerts":false,"browserName":"chrome","browserVersion":"123.0.6312.107","chrome":{"chromedriverVersion":"123.0.6312.122 (31f8248cdd90acbac59f700b603fed0b5967ca50-refs/branch-heads/6312@{#824})","userDataDir":"C:\\Users\\vaheo\\AppData\\Local\\Temp\\scoped_dir23968_1513554748"},"fedcm:accounts":true,"goog:chromeOptions":{"debuggerAddress":"localhost:62893"},"networkConnectionEnabled":false,"pageLoadStrategy":"normal","platformName":"windows","proxy":{},"_":"10 more keys: [\"setWindowRect\",\"strictFileInteractability\",\"timeouts\",\"unhandledPromptBehavior\",\"webauthn:extension:credBlob\",\"webauthn:extension:largeBlob\",\"webauthn:extension:minPinLength\",\"webauthn:extension:prf\",\"webauthn:virtualAuthenticators\",\"wdio:driverPID\"]"}},"isReactElement":false,"isShadowElement":false}}
COMMAND: POST /session/08ed74c1927f16c870b7cdac8219f8f0/element - {"using":"css selector","value":".md-paginated md-pagination-wrapper #tab-item-1"}
RESULT: {"using":"css selector","value":".md-paginated md-pagination-wrapper #tab-item-1"}
COMMAND: POST /session/08ed74c1927f16c870b7cdac8219f8f0/element/f.B419BCEE0194D5DB7BB4B4ACFB35FDFA.d.CDED33E613CA8827A3EE78C0DE877B3E.e.77/click - {}
RESULT: {}
COMMAND: POST /session/08ed74c1927f16c870b7cdac8219f8f0/element - {"using":"xpath","value":"//input[@id=\"input_100\"]"}
RESULT: {"using":"xpath","value":"//input[@id=\"input_100\"]"}
COMMAND: POST /session/08ed74c1927f16c870b7cdac8219f8f0/element/f.B419BCEE0194D5DB7BB4B4ACFB35FDFA.d.CDED33E613CA8827A3EE78C0DE877B3E.e.23/clear - {}
RESULT: {}
COMMAND: POST /session/08ed74c1927f16c870b7cdac8219f8f0/element/f.B419BCEE0194D5DB7BB4B4ACFB35FDFA.d.CDED33E613CA8827A3EE78C0DE877B3E.e.23/value - {"text":"4"}
RESULT: {"text":"4"}
COMMAND: POST /session/08ed74c1927f16c870b7cdac8219f8f0/element - {"using":"css selector","value":"#select_113"}
RESULT: {"using":"css selector","value":"#select_113"}
COMMAND: POST /session/08ed74c1927f16c870b7cdac8219f8f0/element/f.B419BCEE0194D5DB7BB4B4ACFB35FDFA.d.CDED33E613CA8827A3EE78C0DE877B3E.e.79/click - {}
RESULT: {}
COMMAND: POST /session/08ed74c1927f16c870b7cdac8219f8f0/element - {"using":"css selector","value":"#select_option_102"}
RESULT: {"using":"css selector","value":"#select_option_102"}
COMMAND: POST /session/08ed74c1927f16c870b7cdac8219f8f0/execute/sync - {"script":"return (function isElementDisplayed(element) {\n    function nodeIsElement(node) {\n        if (!node) {\n            return false;\n        }\n        switch (node.nodeType) {\n            case Node.ELEMEN ... (8289 more bytes)","args":[{"element-6066-11e4-a52e-4f735466cecf":"f.B419BCEE0194D5DB7BB4B4ACFB35FDFA.d.CDED33E613CA8827A3EE78C0DE877B3E.e.80","ELEMENT":"f.B419BCEE0194D5DB7BB4B4ACFB35FDFA.d.CDED33E613CA8827A3EE78C0DE877B3E.e.80"}]}
RESULT: {"script":"return (function isElementDisplayed(element) {\n    function nodeIsElement(node) {\n        if (!node) {\n            return false;\n        }\n        switch (node.nodeType) {\n            case Node.ELEMEN ... (8289 more bytes)","args":[{"element-6066-11e4-a52e-4f735466cecf":"f.B419BCEE0194D5DB7BB4B4ACFB35FDFA.d.CDED33E613CA8827A3EE78C0DE877B3E.e.80","ELEMENT":"f.B419BCEE0194D5DB7BB4B4ACFB35FDFA.d.CDED33E613CA8827A3EE78C0DE877B3E.e.80"}]}
COMMAND: POST /session/08ed74c1927f16c870b7cdac8219f8f0/execute/sync - {"script":"return (function isElementDisplayed(element) {\n    function nodeIsElement(node) {\n        if (!node) {\n            return false;\n        }\n        switch (node.nodeType) {\n            case Node.ELEMEN ... (8289 more bytes)","args":[{"element-6066-11e4-a52e-4f735466cecf":"f.B419BCEE0194D5DB7BB4B4ACFB35FDFA.d.CDED33E613CA8827A3EE78C0DE877B3E.e.80","ELEMENT":"f.B419BCEE0194D5DB7BB4B4ACFB35FDFA.d.CDED33E613CA8827A3EE78C0DE877B3E.e.80"}]}
RESULT: {"script":"return (function isElementDisplayed(element) {\n    function nodeIsElement(node) {\n        if (!node) {\n            return false;\n        }\n        switch (node.nodeType) {\n            case Node.ELEMEN ... (8289 more bytes)","args":[{"element-6066-11e4-a52e-4f735466cecf":"f.B419BCEE0194D5DB7BB4B4ACFB35FDFA.d.CDED33E613CA8827A3EE78C0DE877B3E.e.80","ELEMENT":"f.B419BCEE0194D5DB7BB4B4ACFB35FDFA.d.CDED33E613CA8827A3EE78C0DE877B3E.e.80"}]}
COMMAND: POST /session/08ed74c1927f16c870b7cdac8219f8f0/execute/sync - {"script":"return (function isElementClickable(elem) {\n    if (!elem.getBoundingClientRect || !elem.scrollIntoView || !elem.contains || !elem.getClientRects || !document.elementFromPoint) {\n        return false; ... (5343 more bytes)","args":[{"element-6066-11e4-a52e-4f735466cecf":"f.B419BCEE0194D5DB7BB4B4ACFB35FDFA.d.CDED33E613CA8827A3EE78C0DE877B3E.e.80","ELEMENT":"f.B419BCEE0194D5DB7BB4B4ACFB35FDFA.d.CDED33E613CA8827A3EE78C0DE877B3E.e.80"}]}
RESULT: {"script":"return (function isElementClickable(elem) {\n    if (!elem.getBoundingClientRect || !elem.scrollIntoView || !elem.contains || !elem.getClientRects || !document.elementFromPoint) {\n        return false; ... (5343 more bytes)","args":[{"element-6066-11e4-a52e-4f735466cecf":"f.B419BCEE0194D5DB7BB4B4ACFB35FDFA.d.CDED33E613CA8827A3EE78C0DE877B3E.e.80","ELEMENT":"f.B419BCEE0194D5DB7BB4B4ACFB35FDFA.d.CDED33E613CA8827A3EE78C0DE877B3E.e.80"}]}
COMMAND: POST /session/08ed74c1927f16c870b7cdac8219f8f0/element/f.B419BCEE0194D5DB7BB4B4ACFB35FDFA.d.CDED33E613CA8827A3EE78C0DE877B3E.e.80/click - {}
RESULT: {}
COMMAND: POST /session/08ed74c1927f16c870b7cdac8219f8f0/element - {"using":"css selector","value":"#select_117"}
RESULT: {"using":"css selector","value":"#select_117"}
COMMAND: POST /session/08ed74c1927f16c870b7cdac8219f8f0/element/f.B419BCEE0194D5DB7BB4B4ACFB35FDFA.d.CDED33E613CA8827A3EE78C0DE877B3E.e.81/click - {}
RESULT: {}
COMMAND: POST /session/08ed74c1927f16c870b7cdac8219f8f0/element - {"using":"xpath","value":"//md-option[@id='select_option_115']"}
RESULT: {"using":"xpath","value":"//md-option[@id='select_option_115']"}
COMMAND: POST /session/08ed74c1927f16c870b7cdac8219f8f0/execute/sync - {"script":"return (function isElementDisplayed(element) {\n    function nodeIsElement(node) {\n        if (!node) {\n            return false;\n        }\n        switch (node.nodeType) {\n            case Node.ELEMEN ... (8289 more bytes)","args":[{"element-6066-11e4-a52e-4f735466cecf":"f.B419BCEE0194D5DB7BB4B4ACFB35FDFA.d.CDED33E613CA8827A3EE78C0DE877B3E.e.82","ELEMENT":"f.B419BCEE0194D5DB7BB4B4ACFB35FDFA.d.CDED33E613CA8827A3EE78C0DE877B3E.e.82"}]}
RESULT: {"script":"return (function isElementDisplayed(element) {\n    function nodeIsElement(node) {\n        if (!node) {\n            return false;\n        }\n        switch (node.nodeType) {\n            case Node.ELEMEN ... (8289 more bytes)","args":[{"element-6066-11e4-a52e-4f735466cecf":"f.B419BCEE0194D5DB7BB4B4ACFB35FDFA.d.CDED33E613CA8827A3EE78C0DE877B3E.e.82","ELEMENT":"f.B419BCEE0194D5DB7BB4B4ACFB35FDFA.d.CDED33E613CA8827A3EE78C0DE877B3E.e.82"}]}
COMMAND: POST /session/08ed74c1927f16c870b7cdac8219f8f0/execute/sync - {"script":"return (function isElementDisplayed(element) {\n    function nodeIsElement(node) {\n        if (!node) {\n            return false;\n        }\n        switch (node.nodeType) {\n            case Node.ELEMEN ... (8289 more bytes)","args":[{"element-6066-11e4-a52e-4f735466cecf":"f.B419BCEE0194D5DB7BB4B4ACFB35FDFA.d.CDED33E613CA8827A3EE78C0DE877B3E.e.82","ELEMENT":"f.B419BCEE0194D5DB7BB4B4ACFB35FDFA.d.CDED33E613CA8827A3EE78C0DE877B3E.e.82"}]}
RESULT: {"script":"return (function isElementDisplayed(element) {\n    function nodeIsElement(node) {\n        if (!node) {\n            return false;\n        }\n        switch (node.nodeType) {\n            case Node.ELEMEN ... (8289 more bytes)","args":[{"element-6066-11e4-a52e-4f735466cecf":"f.B419BCEE0194D5DB7BB4B4ACFB35FDFA.d.CDED33E613CA8827A3EE78C0DE877B3E.e.82","ELEMENT":"f.B419BCEE0194D5DB7BB4B4ACFB35FDFA.d.CDED33E613CA8827A3EE78C0DE877B3E.e.82"}]}
COMMAND: POST /session/08ed74c1927f16c870b7cdac8219f8f0/execute/sync - {"script":"return (function isElementClickable(elem) {\n    if (!elem.getBoundingClientRect || !elem.scrollIntoView || !elem.contains || !elem.getClientRects || !document.elementFromPoint) {\n        return false; ... (5343 more bytes)","args":[{"element-6066-11e4-a52e-4f735466cecf":"f.B419BCEE0194D5DB7BB4B4ACFB35FDFA.d.CDED33E613CA8827A3EE78C0DE877B3E.e.82","ELEMENT":"f.B419BCEE0194D5DB7BB4B4ACFB35FDFA.d.CDED33E613CA8827A3EE78C0DE877B3E.e.82"}]}
RESULT: {"script":"return (function isElementClickable(elem) {\n    if (!elem.getBoundingClientRect || !elem.scrollIntoView || !elem.contains || !elem.getClientRects || !document.elementFromPoint) {\n        return false; ... (5343 more bytes)","args":[{"element-6066-11e4-a52e-4f735466cecf":"f.B419BCEE0194D5DB7BB4B4ACFB35FDFA.d.CDED33E613CA8827A3EE78C0DE877B3E.e.82","ELEMENT":"f.B419BCEE0194D5DB7BB4B4ACFB35FDFA.d.CDED33E613CA8827A3EE78C0DE877B3E.e.82"}]}
COMMAND: POST /session/08ed74c1927f16c870b7cdac8219f8f0/element/f.B419BCEE0194D5DB7BB4B4ACFB35FDFA.d.CDED33E613CA8827A3EE78C0DE877B3E.e.82/click - {}
RESULT: {}
COMMAND: POST /session/08ed74c1927f16c870b7cdac8219f8f0/element - {"using":"css selector","value":"#select_123"}
RESULT: {"using":"css selector","value":"#select_123"}
COMMAND: POST /session/08ed74c1927f16c870b7cdac8219f8f0/element/f.B419BCEE0194D5DB7BB4B4ACFB35FDFA.d.CDED33E613CA8827A3EE78C0DE877B3E.e.83/click - {}
RESULT: {}
COMMAND: POST /session/08ed74c1927f16c870b7cdac8219f8f0/element - {"using":"xpath","value":"//md-option[@id='select_option_119']/div"}
RESULT: {"using":"xpath","value":"//md-option[@id='select_option_119']/div"}
COMMAND: POST /session/08ed74c1927f16c870b7cdac8219f8f0/execute/sync - {"script":"return (function isElementDisplayed(element) {\n    function nodeIsElement(node) {\n        if (!node) {\n            return false;\n        }\n        switch (node.nodeType) {\n            case Node.ELEMEN ... (8289 more bytes)","args":[{"element-6066-11e4-a52e-4f735466cecf":"f.B419BCEE0194D5DB7BB4B4ACFB35FDFA.d.CDED33E613CA8827A3EE78C0DE877B3E.e.84","ELEMENT":"f.B419BCEE0194D5DB7BB4B4ACFB35FDFA.d.CDED33E613CA8827A3EE78C0DE877B3E.e.84"}]}
RESULT: {"script":"return (function isElementDisplayed(element) {\n    function nodeIsElement(node) {\n        if (!node) {\n            return false;\n        }\n        switch (node.nodeType) {\n            case Node.ELEMEN ... (8289 more bytes)","args":[{"element-6066-11e4-a52e-4f735466cecf":"f.B419BCEE0194D5DB7BB4B4ACFB35FDFA.d.CDED33E613CA8827A3EE78C0DE877B3E.e.84","ELEMENT":"f.B419BCEE0194D5DB7BB4B4ACFB35FDFA.d.CDED33E613CA8827A3EE78C0DE877B3E.e.84"}]}
COMMAND: POST /session/08ed74c1927f16c870b7cdac8219f8f0/execute/sync - {"script":"return (function isElementDisplayed(element) {\n    function nodeIsElement(node) {\n        if (!node) {\n            return false;\n        }\n        switch (node.nodeType) {\n            case Node.ELEMEN ... (8289 more bytes)","args":[{"element-6066-11e4-a52e-4f735466cecf":"f.B419BCEE0194D5DB7BB4B4ACFB35FDFA.d.CDED33E613CA8827A3EE78C0DE877B3E.e.84","ELEMENT":"f.B419BCEE0194D5DB7BB4B4ACFB35FDFA.d.CDED33E613CA8827A3EE78C0DE877B3E.e.84"}]}
RESULT: {"script":"return (function isElementDisplayed(element) {\n    function nodeIsElement(node) {\n        if (!node) {\n            return false;\n        }\n        switch (node.nodeType) {\n            case Node.ELEMEN ... (8289 more bytes)","args":[{"element-6066-11e4-a52e-4f735466cecf":"f.B419BCEE0194D5DB7BB4B4ACFB35FDFA.d.CDED33E613CA8827A3EE78C0DE877B3E.e.84","ELEMENT":"f.B419BCEE0194D5DB7BB4B4ACFB35FDFA.d.CDED33E613CA8827A3EE78C0DE877B3E.e.84"}]}
COMMAND: POST /session/08ed74c1927f16c870b7cdac8219f8f0/execute/sync - {"script":"return (function isElementClickable(elem) {\n    if (!elem.getBoundingClientRect || !elem.scrollIntoView || !elem.contains || !elem.getClientRects || !document.elementFromPoint) {\n        return false; ... (5343 more bytes)","args":[{"element-6066-11e4-a52e-4f735466cecf":"f.B419BCEE0194D5DB7BB4B4ACFB35FDFA.d.CDED33E613CA8827A3EE78C0DE877B3E.e.84","ELEMENT":"f.B419BCEE0194D5DB7BB4B4ACFB35FDFA.d.CDED33E613CA8827A3EE78C0DE877B3E.e.84"}]}
RESULT: {"script":"return (function isElementClickable(elem) {\n    if (!elem.getBoundingClientRect || !elem.scrollIntoView || !elem.contains || !elem.getClientRects || !document.elementFromPoint) {\n        return false; ... (5343 more bytes)","args":[{"element-6066-11e4-a52e-4f735466cecf":"f.B419BCEE0194D5DB7BB4B4ACFB35FDFA.d.CDED33E613CA8827A3EE78C0DE877B3E.e.84","ELEMENT":"f.B419BCEE0194D5DB7BB4B4ACFB35FDFA.d.CDED33E613CA8827A3EE78C0DE877B3E.e.84"}]}
COMMAND: POST /session/08ed74c1927f16c870b7cdac8219f8f0/element/f.B419BCEE0194D5DB7BB4B4ACFB35FDFA.d.CDED33E613CA8827A3EE78C0DE877B3E.e.84/click - {}
RESULT: {}
COMMAND: POST /session/08ed74c1927f16c870b7cdac8219f8f0/element - {"using":"xpath","value":"//md-select-value[@id='select_value_label_95']"}
RESULT: {"using":"xpath","value":"//md-select-value[@id='select_value_label_95']"}
COMMAND: POST /session/08ed74c1927f16c870b7cdac8219f8f0/element/f.B419BCEE0194D5DB7BB4B4ACFB35FDFA.d.CDED33E613CA8827A3EE78C0DE877B3E.e.85/click - {}
RESULT: {}
COMMAND: POST /session/08ed74c1927f16c870b7cdac8219f8f0/element - {"using":"xpath","value":"//md-option[@id='select_option_224']"}
RESULT: {"using":"xpath","value":"//md-option[@id='select_option_224']"}
COMMAND: POST /session/08ed74c1927f16c870b7cdac8219f8f0/execute/sync - {"script":"return (function isElementDisplayed(element) {\n    function nodeIsElement(node) {\n        if (!node) {\n            return false;\n        }\n        switch (node.nodeType) {\n            case Node.ELEMEN ... (8289 more bytes)","args":[{"element-6066-11e4-a52e-4f735466cecf":"f.B419BCEE0194D5DB7BB4B4ACFB35FDFA.d.CDED33E613CA8827A3EE78C0DE877B3E.e.86","ELEMENT":"f.B419BCEE0194D5DB7BB4B4ACFB35FDFA.d.CDED33E613CA8827A3EE78C0DE877B3E.e.86"}]}
RESULT: {"script":"return (function isElementDisplayed(element) {\n    function nodeIsElement(node) {\n        if (!node) {\n            return false;\n        }\n        switch (node.nodeType) {\n            case Node.ELEMEN ... (8289 more bytes)","args":[{"element-6066-11e4-a52e-4f735466cecf":"f.B419BCEE0194D5DB7BB4B4ACFB35FDFA.d.CDED33E613CA8827A3EE78C0DE877B3E.e.86","ELEMENT":"f.B419BCEE0194D5DB7BB4B4ACFB35FDFA.d.CDED33E613CA8827A3EE78C0DE877B3E.e.86"}]}
COMMAND: POST /session/08ed74c1927f16c870b7cdac8219f8f0/execute/sync - {"script":"return (function isElementDisplayed(element) {\n    function nodeIsElement(node) {\n        if (!node) {\n            return false;\n        }\n        switch (node.nodeType) {\n            case Node.ELEMEN ... (8289 more bytes)","args":[{"element-6066-11e4-a52e-4f735466cecf":"f.B419BCEE0194D5DB7BB4B4ACFB35FDFA.d.CDED33E613CA8827A3EE78C0DE877B3E.e.86","ELEMENT":"f.B419BCEE0194D5DB7BB4B4ACFB35FDFA.d.CDED33E613CA8827A3EE78C0DE877B3E.e.86"}]}
RESULT: {"script":"return (function isElementDisplayed(element) {\n    function nodeIsElement(node) {\n        if (!node) {\n            return false;\n        }\n        switch (node.nodeType) {\n            case Node.ELEMEN ... (8289 more bytes)","args":[{"element-6066-11e4-a52e-4f735466cecf":"f.B419BCEE0194D5DB7BB4B4ACFB35FDFA.d.CDED33E613CA8827A3EE78C0DE877B3E.e.86","ELEMENT":"f.B419BCEE0194D5DB7BB4B4ACFB35FDFA.d.CDED33E613CA8827A3EE78C0DE877B3E.e.86"}]}
COMMAND: POST /session/08ed74c1927f16c870b7cdac8219f8f0/execute/sync - {"script":"return (function isElementClickable(elem) {\n    if (!elem.getBoundingClientRect || !elem.scrollIntoView || !elem.contains || !elem.getClientRects || !document.elementFromPoint) {\n        return false; ... (5343 more bytes)","args":[{"element-6066-11e4-a52e-4f735466cecf":"f.B419BCEE0194D5DB7BB4B4ACFB35FDFA.d.CDED33E613CA8827A3EE78C0DE877B3E.e.86","ELEMENT":"f.B419BCEE0194D5DB7BB4B4ACFB35FDFA.d.CDED33E613CA8827A3EE78C0DE877B3E.e.86"}]}
RESULT: {"script":"return (function isElementClickable(elem) {\n    if (!elem.getBoundingClientRect || !elem.scrollIntoView || !elem.contains || !elem.getClientRects || !document.elementFromPoint) {\n        return false; ... (5343 more bytes)","args":[{"element-6066-11e4-a52e-4f735466cecf":"f.B419BCEE0194D5DB7BB4B4ACFB35FDFA.d.CDED33E613CA8827A3EE78C0DE877B3E.e.86","ELEMENT":"f.B419BCEE0194D5DB7BB4B4ACFB35FDFA.d.CDED33E613CA8827A3EE78C0DE877B3E.e.86"}]}
COMMAND: POST /session/08ed74c1927f16c870b7cdac8219f8f0/element/f.B419BCEE0194D5DB7BB4B4ACFB35FDFA.d.CDED33E613CA8827A3EE78C0DE877B3E.e.86/click - {}
RESULT: {}
COMMAND: POST /session/08ed74c1927f16c870b7cdac8219f8f0/element - {"using":"xpath","value":"//md-select-value[@id='select_value_label_96']"}
RESULT: {"using":"xpath","value":"//md-select-value[@id='select_value_label_96']"}
COMMAND: POST /session/08ed74c1927f16c870b7cdac8219f8f0/element/f.B419BCEE0194D5DB7BB4B4ACFB35FDFA.d.CDED33E613CA8827A3EE78C0DE877B3E.e.233/click - {}
RESULT: {}
COMMAND: POST /session/08ed74c1927f16c870b7cdac8219f8f0/element - {"using":"xpath","value":"//md-option[@id='select_option_474']"}
RESULT: {"using":"xpath","value":"//md-option[@id='select_option_474']"}
COMMAND: POST /session/08ed74c1927f16c870b7cdac8219f8f0/execute/sync - {"script":"return (function isElementDisplayed(element) {\n    function nodeIsElement(node) {\n        if (!node) {\n            return false;\n        }\n        switch (node.nodeType) {\n            case Node.ELEMEN ... (8289 more bytes)","args":[{"element-6066-11e4-a52e-4f735466cecf":"f.B419BCEE0194D5DB7BB4B4ACFB35FDFA.d.CDED33E613CA8827A3EE78C0DE877B3E.e.236","ELEMENT":"f.B419BCEE0194D5DB7BB4B4ACFB35FDFA.d.CDED33E613CA8827A3EE78C0DE877B3E.e.236"}]}
RESULT: {"script":"return (function isElementDisplayed(element) {\n    function nodeIsElement(node) {\n        if (!node) {\n            return false;\n        }\n        switch (node.nodeType) {\n            case Node.ELEMEN ... (8289 more bytes)","args":[{"element-6066-11e4-a52e-4f735466cecf":"f.B419BCEE0194D5DB7BB4B4ACFB35FDFA.d.CDED33E613CA8827A3EE78C0DE877B3E.e.236","ELEMENT":"f.B419BCEE0194D5DB7BB4B4ACFB35FDFA.d.CDED33E613CA8827A3EE78C0DE877B3E.e.236"}]}
COMMAND: POST /session/08ed74c1927f16c870b7cdac8219f8f0/execute/sync - {"script":"return (function isElementDisplayed(element) {\n    function nodeIsElement(node) {\n        if (!node) {\n            return false;\n        }\n        switch (node.nodeType) {\n            case Node.ELEMEN ... (8289 more bytes)","args":[{"element-6066-11e4-a52e-4f735466cecf":"f.B419BCEE0194D5DB7BB4B4ACFB35FDFA.d.CDED33E613CA8827A3EE78C0DE877B3E.e.236","ELEMENT":"f.B419BCEE0194D5DB7BB4B4ACFB35FDFA.d.CDED33E613CA8827A3EE78C0DE877B3E.e.236"}]}
RESULT: {"script":"return (function isElementDisplayed(element) {\n    function nodeIsElement(node) {\n        if (!node) {\n            return false;\n        }\n        switch (node.nodeType) {\n            case Node.ELEMEN ... (8289 more bytes)","args":[{"element-6066-11e4-a52e-4f735466cecf":"f.B419BCEE0194D5DB7BB4B4ACFB35FDFA.d.CDED33E613CA8827A3EE78C0DE877B3E.e.236","ELEMENT":"f.B419BCEE0194D5DB7BB4B4ACFB35FDFA.d.CDED33E613CA8827A3EE78C0DE877B3E.e.236"}]}
COMMAND: POST /session/08ed74c1927f16c870b7cdac8219f8f0/execute/sync - {"script":"return (function isElementClickable(elem) {\n    if (!elem.getBoundingClientRect || !elem.scrollIntoView || !elem.contains || !elem.getClientRects || !document.elementFromPoint) {\n        return false; ... (5343 more bytes)","args":[{"element-6066-11e4-a52e-4f735466cecf":"f.B419BCEE0194D5DB7BB4B4ACFB35FDFA.d.CDED33E613CA8827A3EE78C0DE877B3E.e.236","ELEMENT":"f.B419BCEE0194D5DB7BB4B4ACFB35FDFA.d.CDED33E613CA8827A3EE78C0DE877B3E.e.236"}]}
RESULT: {"script":"return (function isElementClickable(elem) {\n    if (!elem.getBoundingClientRect || !elem.scrollIntoView || !elem.contains || !elem.getClientRects || !document.elementFromPoint) {\n        return false; ... (5343 more bytes)","args":[{"element-6066-11e4-a52e-4f735466cecf":"f.B419BCEE0194D5DB7BB4B4ACFB35FDFA.d.CDED33E613CA8827A3EE78C0DE877B3E.e.236","ELEMENT":"f.B419BCEE0194D5DB7BB4B4ACFB35FDFA.d.CDED33E613CA8827A3EE78C0DE877B3E.e.236"}]}
COMMAND: POST /session/08ed74c1927f16c870b7cdac8219f8f0/element/f.B419BCEE0194D5DB7BB4B4ACFB35FDFA.d.CDED33E613CA8827A3EE78C0DE877B3E.e.236/click - {}
RESULT: {}
COMMAND: POST /session/08ed74c1927f16c870b7cdac8219f8f0/elements - {"using":"css selector","value":".md-container.md-ink-ripple"}
RESULT: {"using":"css selector","value":".md-container.md-ink-ripple"}
COMMAND: POST /session/08ed74c1927f16c870b7cdac8219f8f0/element/f.B419BCEE0194D5DB7BB4B4ACFB35FDFA.d.CDED33E613CA8827A3EE78C0DE877B3E.e.240/click - {}
RESULT: {}
COMMAND: POST /session/08ed74c1927f16c870b7cdac8219f8f0/element - {"using":"css selector","value":"#select_510"}
RESULT: {"using":"css selector","value":"#select_510"}
COMMAND: POST /session/08ed74c1927f16c870b7cdac8219f8f0/element/f.B419BCEE0194D5DB7BB4B4ACFB35FDFA.d.CDED33E613CA8827A3EE78C0DE877B3E.e.318/click - {}
RESULT: {}
COMMAND: POST /session/08ed74c1927f16c870b7cdac8219f8f0/element - {"using":"css selector","value":"#select_option_517"}
RESULT: {"using":"css selector","value":"#select_option_517"}
COMMAND: POST /session/08ed74c1927f16c870b7cdac8219f8f0/execute/sync - {"script":"return (function isElementDisplayed(element) {\n    function nodeIsElement(node) {\n        if (!node) {\n            return false;\n        }\n        switch (node.nodeType) {\n            case Node.ELEMEN ... (8289 more bytes)","args":[{"element-6066-11e4-a52e-4f735466cecf":"f.B419BCEE0194D5DB7BB4B4ACFB35FDFA.d.CDED33E613CA8827A3EE78C0DE877B3E.e.319","ELEMENT":"f.B419BCEE0194D5DB7BB4B4ACFB35FDFA.d.CDED33E613CA8827A3EE78C0DE877B3E.e.319"}]}
RESULT: {"script":"return (function isElementDisplayed(element) {\n    function nodeIsElement(node) {\n        if (!node) {\n            return false;\n        }\n        switch (node.nodeType) {\n            case Node.ELEMEN ... (8289 more bytes)","args":[{"element-6066-11e4-a52e-4f735466cecf":"f.B419BCEE0194D5DB7BB4B4ACFB35FDFA.d.CDED33E613CA8827A3EE78C0DE877B3E.e.319","ELEMENT":"f.B419BCEE0194D5DB7BB4B4ACFB35FDFA.d.CDED33E613CA8827A3EE78C0DE877B3E.e.319"}]}
COMMAND: POST /session/08ed74c1927f16c870b7cdac8219f8f0/execute/sync - {"script":"return (function isElementDisplayed(element) {\n    function nodeIsElement(node) {\n        if (!node) {\n            return false;\n        }\n        switch (node.nodeType) {\n            case Node.ELEMEN ... (8289 more bytes)","args":[{"element-6066-11e4-a52e-4f735466cecf":"f.B419BCEE0194D5DB7BB4B4ACFB35FDFA.d.CDED33E613CA8827A3EE78C0DE877B3E.e.319","ELEMENT":"f.B419BCEE0194D5DB7BB4B4ACFB35FDFA.d.CDED33E613CA8827A3EE78C0DE877B3E.e.319"}]}
RESULT: {"script":"return (function isElementDisplayed(element) {\n    function nodeIsElement(node) {\n        if (!node) {\n            return false;\n        }\n        switch (node.nodeType) {\n            case Node.ELEMEN ... (8289 more bytes)","args":[{"element-6066-11e4-a52e-4f735466cecf":"f.B419BCEE0194D5DB7BB4B4ACFB35FDFA.d.CDED33E613CA8827A3EE78C0DE877B3E.e.319","ELEMENT":"f.B419BCEE0194D5DB7BB4B4ACFB35FDFA.d.CDED33E613CA8827A3EE78C0DE877B3E.e.319"}]}
COMMAND: POST /session/08ed74c1927f16c870b7cdac8219f8f0/execute/sync - {"script":"return (function isElementClickable(elem) {\n    if (!elem.getBoundingClientRect || !elem.scrollIntoView || !elem.contains || !elem.getClientRects || !document.elementFromPoint) {\n        return false; ... (5343 more bytes)","args":[{"element-6066-11e4-a52e-4f735466cecf":"f.B419BCEE0194D5DB7BB4B4ACFB35FDFA.d.CDED33E613CA8827A3EE78C0DE877B3E.e.319","ELEMENT":"f.B419BCEE0194D5DB7BB4B4ACFB35FDFA.d.CDED33E613CA8827A3EE78C0DE877B3E.e.319"}]}
RESULT: {"script":"return (function isElementClickable(elem) {\n    if (!elem.getBoundingClientRect || !elem.scrollIntoView || !elem.contains || !elem.getClientRects || !document.elementFromPoint) {\n        return false; ... (5343 more bytes)","args":[{"element-6066-11e4-a52e-4f735466cecf":"f.B419BCEE0194D5DB7BB4B4ACFB35FDFA.d.CDED33E613CA8827A3EE78C0DE877B3E.e.319","ELEMENT":"f.B419BCEE0194D5DB7BB4B4ACFB35FDFA.d.CDED33E613CA8827A3EE78C0DE877B3E.e.319"}]}
COMMAND: POST /session/08ed74c1927f16c870b7cdac8219f8f0/element/f.B419BCEE0194D5DB7BB4B4ACFB35FDFA.d.CDED33E613CA8827A3EE78C0DE877B3E.e.319/click - {}
RESULT: {}
COMMAND: POST /session/08ed74c1927f16c870b7cdac8219f8f0/element - {"using":"css selector","value":"#select_512"}
RESULT: {"using":"css selector","value":"#select_512"}
COMMAND: POST /session/08ed74c1927f16c870b7cdac8219f8f0/element/f.B419BCEE0194D5DB7BB4B4ACFB35FDFA.d.CDED33E613CA8827A3EE78C0DE877B3E.e.320/click - {}
RESULT: {}
COMMAND: POST /session/08ed74c1927f16c870b7cdac8219f8f0/element - {"using":"css selector","value":"#select_option_520"}
RESULT: {"using":"css selector","value":"#select_option_520"}
COMMAND: POST /session/08ed74c1927f16c870b7cdac8219f8f0/execute/sync - {"script":"return (function isElementDisplayed(element) {\n    function nodeIsElement(node) {\n        if (!node) {\n            return false;\n        }\n        switch (node.nodeType) {\n            case Node.ELEMEN ... (8289 more bytes)","args":[{"element-6066-11e4-a52e-4f735466cecf":"f.B419BCEE0194D5DB7BB4B4ACFB35FDFA.d.CDED33E613CA8827A3EE78C0DE877B3E.e.321","ELEMENT":"f.B419BCEE0194D5DB7BB4B4ACFB35FDFA.d.CDED33E613CA8827A3EE78C0DE877B3E.e.321"}]}
RESULT: {"script":"return (function isElementDisplayed(element) {\n    function nodeIsElement(node) {\n        if (!node) {\n            return false;\n        }\n        switch (node.nodeType) {\n            case Node.ELEMEN ... (8289 more bytes)","args":[{"element-6066-11e4-a52e-4f735466cecf":"f.B419BCEE0194D5DB7BB4B4ACFB35FDFA.d.CDED33E613CA8827A3EE78C0DE877B3E.e.321","ELEMENT":"f.B419BCEE0194D5DB7BB4B4ACFB35FDFA.d.CDED33E613CA8827A3EE78C0DE877B3E.e.321"}]}
COMMAND: POST /session/08ed74c1927f16c870b7cdac8219f8f0/execute/sync - {"script":"return (function isElementDisplayed(element) {\n    function nodeIsElement(node) {\n        if (!node) {\n            return false;\n        }\n        switch (node.nodeType) {\n            case Node.ELEMEN ... (8289 more bytes)","args":[{"element-6066-11e4-a52e-4f735466cecf":"f.B419BCEE0194D5DB7BB4B4ACFB35FDFA.d.CDED33E613CA8827A3EE78C0DE877B3E.e.321","ELEMENT":"f.B419BCEE0194D5DB7BB4B4ACFB35FDFA.d.CDED33E613CA8827A3EE78C0DE877B3E.e.321"}]}
RESULT: {"script":"return (function isElementDisplayed(element) {\n    function nodeIsElement(node) {\n        if (!node) {\n            return false;\n        }\n        switch (node.nodeType) {\n            case Node.ELEMEN ... (8289 more bytes)","args":[{"element-6066-11e4-a52e-4f735466cecf":"f.B419BCEE0194D5DB7BB4B4ACFB35FDFA.d.CDED33E613CA8827A3EE78C0DE877B3E.e.321","ELEMENT":"f.B419BCEE0194D5DB7BB4B4ACFB35FDFA.d.CDED33E613CA8827A3EE78C0DE877B3E.e.321"}]}
COMMAND: POST /session/08ed74c1927f16c870b7cdac8219f8f0/execute/sync - {"script":"return (function isElementClickable(elem) {\n    if (!elem.getBoundingClientRect || !elem.scrollIntoView || !elem.contains || !elem.getClientRects || !document.elementFromPoint) {\n        return false; ... (5343 more bytes)","args":[{"element-6066-11e4-a52e-4f735466cecf":"f.B419BCEE0194D5DB7BB4B4ACFB35FDFA.d.CDED33E613CA8827A3EE78C0DE877B3E.e.321","ELEMENT":"f.B419BCEE0194D5DB7BB4B4ACFB35FDFA.d.CDED33E613CA8827A3EE78C0DE877B3E.e.321"}]}
RESULT: {"script":"return (function isElementClickable(elem) {\n    if (!elem.getBoundingClientRect || !elem.scrollIntoView || !elem.contains || !elem.getClientRects || !document.elementFromPoint) {\n        return false; ... (5343 more bytes)","args":[{"element-6066-11e4-a52e-4f735466cecf":"f.B419BCEE0194D5DB7BB4B4ACFB35FDFA.d.CDED33E613CA8827A3EE78C0DE877B3E.e.321","ELEMENT":"f.B419BCEE0194D5DB7BB4B4ACFB35FDFA.d.CDED33E613CA8827A3EE78C0DE877B3E.e.321"}]}
COMMAND: POST /session/08ed74c1927f16c870b7cdac8219f8f0/element/f.B419BCEE0194D5DB7BB4B4ACFB35FDFA.d.CDED33E613CA8827A3EE78C0DE877B3E.e.321/click - {}
RESULT: {}
COMMAND: POST /session/08ed74c1927f16c870b7cdac8219f8f0/element - {"using":"xpath","value":"//md-select-value[@id='select_value_label_468']"}
RESULT: {"using":"xpath","value":"//md-select-value[@id='select_value_label_468']"}
COMMAND: POST /session/08ed74c1927f16c870b7cdac8219f8f0/element/f.B419BCEE0194D5DB7BB4B4ACFB35FDFA.d.CDED33E613CA8827A3EE78C0DE877B3E.e.231/click - {}
RESULT: {}
COMMAND: POST /session/08ed74c1927f16c870b7cdac8219f8f0/element - {"using":"xpath","value":"//md-option[@id='select_option_495']"}
RESULT: {"using":"xpath","value":"//md-option[@id='select_option_495']"}
COMMAND: POST /session/08ed74c1927f16c870b7cdac8219f8f0/execute/sync - {"script":"return (function isElementDisplayed(element) {\n    function nodeIsElement(node) {\n        if (!node) {\n            return false;\n        }\n        switch (node.nodeType) {\n            case Node.ELEMEN ... (8289 more bytes)","args":[{"element-6066-11e4-a52e-4f735466cecf":"f.B419BCEE0194D5DB7BB4B4ACFB35FDFA.d.CDED33E613CA8827A3EE78C0DE877B3E.e.322","ELEMENT":"f.B419BCEE0194D5DB7BB4B4ACFB35FDFA.d.CDED33E613CA8827A3EE78C0DE877B3E.e.322"}]}
RESULT: {"script":"return (function isElementDisplayed(element) {\n    function nodeIsElement(node) {\n        if (!node) {\n            return false;\n        }\n        switch (node.nodeType) {\n            case Node.ELEMEN ... (8289 more bytes)","args":[{"element-6066-11e4-a52e-4f735466cecf":"f.B419BCEE0194D5DB7BB4B4ACFB35FDFA.d.CDED33E613CA8827A3EE78C0DE877B3E.e.322","ELEMENT":"f.B419BCEE0194D5DB7BB4B4ACFB35FDFA.d.CDED33E613CA8827A3EE78C0DE877B3E.e.322"}]}
COMMAND: POST /session/08ed74c1927f16c870b7cdac8219f8f0/execute/sync - {"script":"return (function isElementDisplayed(element) {\n    function nodeIsElement(node) {\n        if (!node) {\n            return false;\n        }\n        switch (node.nodeType) {\n            case Node.ELEMEN ... (8289 more bytes)","args":[{"element-6066-11e4-a52e-4f735466cecf":"f.B419BCEE0194D5DB7BB4B4ACFB35FDFA.d.CDED33E613CA8827A3EE78C0DE877B3E.e.322","ELEMENT":"f.B419BCEE0194D5DB7BB4B4ACFB35FDFA.d.CDED33E613CA8827A3EE78C0DE877B3E.e.322"}]}
RESULT: {"script":"return (function isElementDisplayed(element) {\n    function nodeIsElement(node) {\n        if (!node) {\n            return false;\n        }\n        switch (node.nodeType) {\n            case Node.ELEMEN ... (8289 more bytes)","args":[{"element-6066-11e4-a52e-4f735466cecf":"f.B419BCEE0194D5DB7BB4B4ACFB35FDFA.d.CDED33E613CA8827A3EE78C0DE877B3E.e.322","ELEMENT":"f.B419BCEE0194D5DB7BB4B4ACFB35FDFA.d.CDED33E613CA8827A3EE78C0DE877B3E.e.322"}]}
COMMAND: POST /session/08ed74c1927f16c870b7cdac8219f8f0/execute/sync - {"script":"return (function isElementClickable(elem) {\n    if (!elem.getBoundingClientRect || !elem.scrollIntoView || !elem.contains || !elem.getClientRects || !document.elementFromPoint) {\n        return false; ... (5343 more bytes)","args":[{"element-6066-11e4-a52e-4f735466cecf":"f.B419BCEE0194D5DB7BB4B4ACFB35FDFA.d.CDED33E613CA8827A3EE78C0DE877B3E.e.322","ELEMENT":"f.B419BCEE0194D5DB7BB4B4ACFB35FDFA.d.CDED33E613CA8827A3EE78C0DE877B3E.e.322"}]}
RESULT: {"script":"return (function isElementClickable(elem) {\n    if (!elem.getBoundingClientRect || !elem.scrollIntoView || !elem.contains || !elem.getClientRects || !document.elementFromPoint) {\n        return false; ... (5343 more bytes)","args":[{"element-6066-11e4-a52e-4f735466cecf":"f.B419BCEE0194D5DB7BB4B4ACFB35FDFA.d.CDED33E613CA8827A3EE78C0DE877B3E.e.322","ELEMENT":"f.B419BCEE0194D5DB7BB4B4ACFB35FDFA.d.CDED33E613CA8827A3EE78C0DE877B3E.e.322"}]}
COMMAND: POST /session/08ed74c1927f16c870b7cdac8219f8f0/element/f.B419BCEE0194D5DB7BB4B4ACFB35FDFA.d.CDED33E613CA8827A3EE78C0DE877B3E.e.322/click - {}
RESULT: {}
COMMAND: POST /session/08ed74c1927f16c870b7cdac8219f8f0/element - {"using":"xpath","value":"//md-select-value[@id='select_value_label_98']"}
RESULT: {"using":"xpath","value":"//md-select-value[@id='select_value_label_98']"}
COMMAND: POST /session/08ed74c1927f16c870b7cdac8219f8f0/element/f.B419BCEE0194D5DB7BB4B4ACFB35FDFA.d.CDED33E613CA8827A3EE78C0DE877B3E.e.89/click - {}
RESULT: {}
COMMAND: POST /session/08ed74c1927f16c870b7cdac8219f8f0/element - {"using":"xpath","value":"//md-option[@id='select_option_269']"}
RESULT: {"using":"xpath","value":"//md-option[@id='select_option_269']"}
COMMAND: POST /session/08ed74c1927f16c870b7cdac8219f8f0/execute/sync - {"script":"return (function isElementDisplayed(element) {\n    function nodeIsElement(node) {\n        if (!node) {\n            return false;\n        }\n        switch (node.nodeType) {\n            case Node.ELEMEN ... (8289 more bytes)","args":[{"element-6066-11e4-a52e-4f735466cecf":"f.B419BCEE0194D5DB7BB4B4ACFB35FDFA.d.CDED33E613CA8827A3EE78C0DE877B3E.e.323","ELEMENT":"f.B419BCEE0194D5DB7BB4B4ACFB35FDFA.d.CDED33E613CA8827A3EE78C0DE877B3E.e.323"}]}
RESULT: {"script":"return (function isElementDisplayed(element) {\n    function nodeIsElement(node) {\n        if (!node) {\n            return false;\n        }\n        switch (node.nodeType) {\n            case Node.ELEMEN ... (8289 more bytes)","args":[{"element-6066-11e4-a52e-4f735466cecf":"f.B419BCEE0194D5DB7BB4B4ACFB35FDFA.d.CDED33E613CA8827A3EE78C0DE877B3E.e.323","ELEMENT":"f.B419BCEE0194D5DB7BB4B4ACFB35FDFA.d.CDED33E613CA8827A3EE78C0DE877B3E.e.323"}]}
COMMAND: POST /session/08ed74c1927f16c870b7cdac8219f8f0/execute/sync - {"script":"return (function isElementDisplayed(element) {\n    function nodeIsElement(node) {\n        if (!node) {\n            return false;\n        }\n        switch (node.nodeType) {\n            case Node.ELEMEN ... (8289 more bytes)","args":[{"element-6066-11e4-a52e-4f735466cecf":"f.B419BCEE0194D5DB7BB4B4ACFB35FDFA.d.CDED33E613CA8827A3EE78C0DE877B3E.e.323","ELEMENT":"f.B419BCEE0194D5DB7BB4B4ACFB35FDFA.d.CDED33E613CA8827A3EE78C0DE877B3E.e.323"}]}
RESULT: {"script":"return (function isElementDisplayed(element) {\n    function nodeIsElement(node) {\n        if (!node) {\n            return false;\n        }\n        switch (node.nodeType) {\n            case Node.ELEMEN ... (8289 more bytes)","args":[{"element-6066-11e4-a52e-4f735466cecf":"f.B419BCEE0194D5DB7BB4B4ACFB35FDFA.d.CDED33E613CA8827A3EE78C0DE877B3E.e.323","ELEMENT":"f.B419BCEE0194D5DB7BB4B4ACFB35FDFA.d.CDED33E613CA8827A3EE78C0DE877B3E.e.323"}]}
COMMAND: POST /session/08ed74c1927f16c870b7cdac8219f8f0/execute/sync - {"script":"return (function isElementClickable(elem) {\n    if (!elem.getBoundingClientRect || !elem.scrollIntoView || !elem.contains || !elem.getClientRects || !document.elementFromPoint) {\n        return false; ... (5343 more bytes)","args":[{"element-6066-11e4-a52e-4f735466cecf":"f.B419BCEE0194D5DB7BB4B4ACFB35FDFA.d.CDED33E613CA8827A3EE78C0DE877B3E.e.323","ELEMENT":"f.B419BCEE0194D5DB7BB4B4ACFB35FDFA.d.CDED33E613CA8827A3EE78C0DE877B3E.e.323"}]}
RESULT: {"script":"return (function isElementClickable(elem) {\n    if (!elem.getBoundingClientRect || !elem.scrollIntoView || !elem.contains || !elem.getClientRects || !document.elementFromPoint) {\n        return false; ... (5343 more bytes)","args":[{"element-6066-11e4-a52e-4f735466cecf":"f.B419BCEE0194D5DB7BB4B4ACFB35FDFA.d.CDED33E613CA8827A3EE78C0DE877B3E.e.323","ELEMENT":"f.B419BCEE0194D5DB7BB4B4ACFB35FDFA.d.CDED33E613CA8827A3EE78C0DE877B3E.e.323"}]}
COMMAND: POST /session/08ed74c1927f16c870b7cdac8219f8f0/element/f.B419BCEE0194D5DB7BB4B4ACFB35FDFA.d.CDED33E613CA8827A3EE78C0DE877B3E.e.323/click - {}
RESULT: {}
COMMAND: POST /session/08ed74c1927f16c870b7cdac8219f8f0/element - {"using":"xpath","value":"//md-select-value[@id='select_value_label_99']"}
RESULT: {"using":"xpath","value":"//md-select-value[@id='select_value_label_99']"}
COMMAND: POST /session/08ed74c1927f16c870b7cdac8219f8f0/element/f.B419BCEE0194D5DB7BB4B4ACFB35FDFA.d.CDED33E613CA8827A3EE78C0DE877B3E.e.99/click - {}
RESULT: {}
COMMAND: POST /session/08ed74c1927f16c870b7cdac8219f8f0/element - {"using":"xpath","value":"//md-option[@id='select_option_138']"}
RESULT: {"using":"xpath","value":"//md-option[@id='select_option_138']"}
COMMAND: POST /session/08ed74c1927f16c870b7cdac8219f8f0/execute/sync - {"script":"return (function isElementDisplayed(element) {\n    function nodeIsElement(node) {\n        if (!node) {\n            return false;\n        }\n        switch (node.nodeType) {\n            case Node.ELEMEN ... (8289 more bytes)","args":[{"element-6066-11e4-a52e-4f735466cecf":"f.B419BCEE0194D5DB7BB4B4ACFB35FDFA.d.CDED33E613CA8827A3EE78C0DE877B3E.e.326","ELEMENT":"f.B419BCEE0194D5DB7BB4B4ACFB35FDFA.d.CDED33E613CA8827A3EE78C0DE877B3E.e.326"}]}
RESULT: {"script":"return (function isElementDisplayed(element) {\n    function nodeIsElement(node) {\n        if (!node) {\n            return false;\n        }\n        switch (node.nodeType) {\n            case Node.ELEMEN ... (8289 more bytes)","args":[{"element-6066-11e4-a52e-4f735466cecf":"f.B419BCEE0194D5DB7BB4B4ACFB35FDFA.d.CDED33E613CA8827A3EE78C0DE877B3E.e.326","ELEMENT":"f.B419BCEE0194D5DB7BB4B4ACFB35FDFA.d.CDED33E613CA8827A3EE78C0DE877B3E.e.326"}]}
COMMAND: POST /session/08ed74c1927f16c870b7cdac8219f8f0/execute/sync - {"script":"return (function isElementDisplayed(element) {\n    function nodeIsElement(node) {\n        if (!node) {\n            return false;\n        }\n        switch (node.nodeType) {\n            case Node.ELEMEN ... (8289 more bytes)","args":[{"element-6066-11e4-a52e-4f735466cecf":"f.B419BCEE0194D5DB7BB4B4ACFB35FDFA.d.CDED33E613CA8827A3EE78C0DE877B3E.e.326","ELEMENT":"f.B419BCEE0194D5DB7BB4B4ACFB35FDFA.d.CDED33E613CA8827A3EE78C0DE877B3E.e.326"}]}
RESULT: {"script":"return (function isElementDisplayed(element) {\n    function nodeIsElement(node) {\n        if (!node) {\n            return false;\n        }\n        switch (node.nodeType) {\n            case Node.ELEMEN ... (8289 more bytes)","args":[{"element-6066-11e4-a52e-4f735466cecf":"f.B419BCEE0194D5DB7BB4B4ACFB35FDFA.d.CDED33E613CA8827A3EE78C0DE877B3E.e.326","ELEMENT":"f.B419BCEE0194D5DB7BB4B4ACFB35FDFA.d.CDED33E613CA8827A3EE78C0DE877B3E.e.326"}]}
COMMAND: POST /session/08ed74c1927f16c870b7cdac8219f8f0/execute/sync - {"script":"return (function isElementClickable(elem) {\n    if (!elem.getBoundingClientRect || !elem.scrollIntoView || !elem.contains || !elem.getClientRects || !document.elementFromPoint) {\n        return false; ... (5343 more bytes)","args":[{"element-6066-11e4-a52e-4f735466cecf":"f.B419BCEE0194D5DB7BB4B4ACFB35FDFA.d.CDED33E613CA8827A3EE78C0DE877B3E.e.326","ELEMENT":"f.B419BCEE0194D5DB7BB4B4ACFB35FDFA.d.CDED33E613CA8827A3EE78C0DE877B3E.e.326"}]}
RESULT: {"script":"return (function isElementClickable(elem) {\n    if (!elem.getBoundingClientRect || !elem.scrollIntoView || !elem.contains || !elem.getClientRects || !document.elementFromPoint) {\n        return false; ... (5343 more bytes)","args":[{"element-6066-11e4-a52e-4f735466cecf":"f.B419BCEE0194D5DB7BB4B4ACFB35FDFA.d.CDED33E613CA8827A3EE78C0DE877B3E.e.326","ELEMENT":"f.B419BCEE0194D5DB7BB4B4ACFB35FDFA.d.CDED33E613CA8827A3EE78C0DE877B3E.e.326"}]}
COMMAND: POST /session/08ed74c1927f16c870b7cdac8219f8f0/element/f.B419BCEE0194D5DB7BB4B4ACFB35FDFA.d.CDED33E613CA8827A3EE78C0DE877B3E.e.326/click - {}
RESULT: {}
COMMAND: POST /session/08ed74c1927f16c870b7cdac8219f8f0/element - {"using":"xpath","value":"//form[@name='ComputeEngineForm']//button[@type='button'][normalize-space()='Add to Estimate']"}
RESULT: {"using":"xpath","value":"//form[@name='ComputeEngineForm']//button[@type='button'][normalize-space()='Add to Estimate']"}
COMMAND: POST /session/08ed74c1927f16c870b7cdac8219f8f0/execute/sync - {"script":"return (function isElementDisplayed(element) {\n    function nodeIsElement(node) {\n        if (!node) {\n            return false;\n        }\n        switch (node.nodeType) {\n            case Node.ELEMEN ... (8289 more bytes)","args":[{"element-6066-11e4-a52e-4f735466cecf":"f.B419BCEE0194D5DB7BB4B4ACFB35FDFA.d.CDED33E613CA8827A3EE78C0DE877B3E.e.111","ELEMENT":"f.B419BCEE0194D5DB7BB4B4ACFB35FDFA.d.CDED33E613CA8827A3EE78C0DE877B3E.e.111"}]}
RESULT: {"script":"return (function isElementDisplayed(element) {\n    function nodeIsElement(node) {\n        if (!node) {\n            return false;\n        }\n        switch (node.nodeType) {\n            case Node.ELEMEN ... (8289 more bytes)","args":[{"element-6066-11e4-a52e-4f735466cecf":"f.B419BCEE0194D5DB7BB4B4ACFB35FDFA.d.CDED33E613CA8827A3EE78C0DE877B3E.e.111","ELEMENT":"f.B419BCEE0194D5DB7BB4B4ACFB35FDFA.d.CDED33E613CA8827A3EE78C0DE877B3E.e.111"}]}
COMMAND: POST /session/08ed74c1927f16c870b7cdac8219f8f0/execute/sync - {"script":"return (function isElementClickable(elem) {\n    if (!elem.getBoundingClientRect || !elem.scrollIntoView || !elem.contains || !elem.getClientRects || !document.elementFromPoint) {\n        return false; ... (5343 more bytes)","args":[{"element-6066-11e4-a52e-4f735466cecf":"f.B419BCEE0194D5DB7BB4B4ACFB35FDFA.d.CDED33E613CA8827A3EE78C0DE877B3E.e.111","ELEMENT":"f.B419BCEE0194D5DB7BB4B4ACFB35FDFA.d.CDED33E613CA8827A3EE78C0DE877B3E.e.111"}]}
RESULT: {"script":"return (function isElementClickable(elem) {\n    if (!elem.getBoundingClientRect || !elem.scrollIntoView || !elem.contains || !elem.getClientRects || !document.elementFromPoint) {\n        return false; ... (5343 more bytes)","args":[{"element-6066-11e4-a52e-4f735466cecf":"f.B419BCEE0194D5DB7BB4B4ACFB35FDFA.d.CDED33E613CA8827A3EE78C0DE877B3E.e.111","ELEMENT":"f.B419BCEE0194D5DB7BB4B4ACFB35FDFA.d.CDED33E613CA8827A3EE78C0DE877B3E.e.111"}]}
COMMAND: POST /session/08ed74c1927f16c870b7cdac8219f8f0/element/f.B419BCEE0194D5DB7BB4B4ACFB35FDFA.d.CDED33E613CA8827A3EE78C0DE877B3E.e.111/click - {}
RESULT: {}
COMMAND: POST /session/08ed74c1927f16c870b7cdac8219f8f0/element - {"using":"xpath","value":"//div[@class=\"cpc-cart-total\"]/h2//b[contains(text(), \"Total Estimated Cost\")]"}
RESULT: {"using":"xpath","value":"//div[@class=\"cpc-cart-total\"]/h2//b[contains(text(), \"Total Estimated Cost\")]"}
COMMAND: POST /session/08ed74c1927f16c870b7cdac8219f8f0/elements - {"using":"xpath","value":"//div[@class=\"cpc-cart-total\"]/h2//b[contains(text(), \"Total Estimated Cost\")]"}
RESULT: {"using":"xpath","value":"//div[@class=\"cpc-cart-total\"]/h2//b[contains(text(), \"Total Estimated Cost\")]"}
COMMAND: GET /session/08ed74c1927f16c870b7cdac8219f8f0/element/f.B419BCEE0194D5DB7BB4B4ACFB35FDFA.d.CDED33E613CA8827A3EE78C0DE877B3E.e.381/text - {}
RESULT: {}
COMMAND: POST /session/08ed74c1927f16c870b7cdac8219f8f0/element - {"using":"xpath","value":"//button[@id='Email Estimate']"}
RESULT: {"using":"xpath","value":"//button[@id='Email Estimate']"}
COMMAND: POST /session/08ed74c1927f16c870b7cdac8219f8f0/execute/sync - {"script":"return (function isElementDisplayed(element) {\n    function nodeIsElement(node) {\n        if (!node) {\n            return false;\n        }\n        switch (node.nodeType) {\n            case Node.ELEMEN ... (8289 more bytes)","args":[{"element-6066-11e4-a52e-4f735466cecf":"f.B419BCEE0194D5DB7BB4B4ACFB35FDFA.d.CDED33E613CA8827A3EE78C0DE877B3E.e.372","ELEMENT":"f.B419BCEE0194D5DB7BB4B4ACFB35FDFA.d.CDED33E613CA8827A3EE78C0DE877B3E.e.372"}]}
RESULT: {"script":"return (function isElementDisplayed(element) {\n    function nodeIsElement(node) {\n        if (!node) {\n            return false;\n        }\n        switch (node.nodeType) {\n            case Node.ELEMEN ... (8289 more bytes)","args":[{"element-6066-11e4-a52e-4f735466cecf":"f.B419BCEE0194D5DB7BB4B4ACFB35FDFA.d.CDED33E613CA8827A3EE78C0DE877B3E.e.372","ELEMENT":"f.B419BCEE0194D5DB7BB4B4ACFB35FDFA.d.CDED33E613CA8827A3EE78C0DE877B3E.e.372"}]}
COMMAND: POST /session/08ed74c1927f16c870b7cdac8219f8f0/execute/sync - {"script":"return (function isElementClickable(elem) {\n    if (!elem.getBoundingClientRect || !elem.scrollIntoView || !elem.contains || !elem.getClientRects || !document.elementFromPoint) {\n        return false; ... (5343 more bytes)","args":[{"element-6066-11e4-a52e-4f735466cecf":"f.B419BCEE0194D5DB7BB4B4ACFB35FDFA.d.CDED33E613CA8827A3EE78C0DE877B3E.e.372","ELEMENT":"f.B419BCEE0194D5DB7BB4B4ACFB35FDFA.d.CDED33E613CA8827A3EE78C0DE877B3E.e.372"}]}
RESULT: {"script":"return (function isElementClickable(elem) {\n    if (!elem.getBoundingClientRect || !elem.scrollIntoView || !elem.contains || !elem.getClientRects || !document.elementFromPoint) {\n        return false; ... (5343 more bytes)","args":[{"element-6066-11e4-a52e-4f735466cecf":"f.B419BCEE0194D5DB7BB4B4ACFB35FDFA.d.CDED33E613CA8827A3EE78C0DE877B3E.e.372","ELEMENT":"f.B419BCEE0194D5DB7BB4B4ACFB35FDFA.d.CDED33E613CA8827A3EE78C0DE877B3E.e.372"}]}
COMMAND: POST /session/08ed74c1927f16c870b7cdac8219f8f0/element/f.B419BCEE0194D5DB7BB4B4ACFB35FDFA.d.CDED33E613CA8827A3EE78C0DE877B3E.e.372/click - {}
RESULT: {}
COMMAND: GET /session/08ed74c1927f16c870b7cdac8219f8f0/window/handles - {}
RESULT: {}
COMMAND: POST /session/08ed74c1927f16c870b7cdac8219f8f0/execute/sync - {"script":"return (function newWindow(url, windowName, windowFeatures) {\n    window.open(url, windowName || '', windowFeatures || '');\n}).apply(null, arguments)","args":["https://dropmail.me/en/","",""]}
RESULT: {"script":"return (function newWindow(url, windowName, windowFeatures) {\n    window.open(url, windowName || '', windowFeatures || '');\n}).apply(null, arguments)","args":["https://dropmail.me/en/","",""]}
COMMAND: GET /session/08ed74c1927f16c870b7cdac8219f8f0/window/handles - {}
RESULT: {}
COMMAND: GET /session/08ed74c1927f16c870b7cdac8219f8f0/window/handles - {}
RESULT: {}
COMMAND: POST /session/08ed74c1927f16c870b7cdac8219f8f0/window - {"handle":"BAB7098838586BF739510870A8F06267"}
RESULT: {"handle":"BAB7098838586BF739510870A8F06267"}
COMMAND: POST /session/08ed74c1927f16c870b7cdac8219f8f0/element - {"using":"xpath","value":"//span[@title='Copy to clipboard']"}
RESULT: {"using":"xpath","value":"//span[@title='Copy to clipboard']"}
COMMAND: POST /session/08ed74c1927f16c870b7cdac8219f8f0/execute/sync - {"script":"return (function isElementDisplayed(element) {\n    function nodeIsElement(node) {\n        if (!node) {\n            return false;\n        }\n        switch (node.nodeType) {\n            case Node.ELEMEN ... (8289 more bytes)","args":[{"element-6066-11e4-a52e-4f735466cecf":"f.BAB7098838586BF739510870A8F06267.d.DA831D52CAC6A70B6131F4D23239F603.e.51","ELEMENT":"f.BAB7098838586BF739510870A8F06267.d.DA831D52CAC6A70B6131F4D23239F603.e.51"}]}
RESULT: {"script":"return (function isElementDisplayed(element) {\n    function nodeIsElement(node) {\n        if (!node) {\n            return false;\n        }\n        switch (node.nodeType) {\n            case Node.ELEMEN ... (8289 more bytes)","args":[{"element-6066-11e4-a52e-4f735466cecf":"f.BAB7098838586BF739510870A8F06267.d.DA831D52CAC6A70B6131F4D23239F603.e.51","ELEMENT":"f.BAB7098838586BF739510870A8F06267.d.DA831D52CAC6A70B6131F4D23239F603.e.51"}]}
COMMAND: POST /session/08ed74c1927f16c870b7cdac8219f8f0/execute/sync - {"script":"return (function isElementClickable(elem) {\n    if (!elem.getBoundingClientRect || !elem.scrollIntoView || !elem.contains || !elem.getClientRects || !document.elementFromPoint) {\n        return false; ... (5343 more bytes)","args":[{"element-6066-11e4-a52e-4f735466cecf":"f.BAB7098838586BF739510870A8F06267.d.DA831D52CAC6A70B6131F4D23239F603.e.51","ELEMENT":"f.BAB7098838586BF739510870A8F06267.d.DA831D52CAC6A70B6131F4D23239F603.e.51"}]}
RESULT: {"script":"return (function isElementClickable(elem) {\n    if (!elem.getBoundingClientRect || !elem.scrollIntoView || !elem.contains || !elem.getClientRects || !document.elementFromPoint) {\n        return false; ... (5343 more bytes)","args":[{"element-6066-11e4-a52e-4f735466cecf":"f.BAB7098838586BF739510870A8F06267.d.DA831D52CAC6A70B6131F4D23239F603.e.51","ELEMENT":"f.BAB7098838586BF739510870A8F06267.d.DA831D52CAC6A70B6131F4D23239F603.e.51"}]}
COMMAND: POST /session/08ed74c1927f16c870b7cdac8219f8f0/element/f.BAB7098838586BF739510870A8F06267.d.DA831D52CAC6A70B6131F4D23239F603.e.51/click - {}
RESULT: {}
COMMAND: GET /session/08ed74c1927f16c870b7cdac8219f8f0/window/handles - {}
RESULT: {}
COMMAND: POST /session/08ed74c1927f16c870b7cdac8219f8f0/window - {"handle":"0AF132DE3A7EC802AB76F0F2AB448356"}
RESULT: {"handle":"0AF132DE3A7EC802AB76F0F2AB448356"}
COMMAND: GET /session/08ed74c1927f16c870b7cdac8219f8f0/url - {}
RESULT: {}
COMMAND: POST /session/08ed74c1927f16c870b7cdac8219f8f0/frame - {"id":{"sessionId":"08ed74c1927f16c870b7cdac8219f8f0","elementId":"f.0AF132DE3A7EC802AB76F0F2AB448356.d.196A44EF6F79CEED5BDEADCFC35632D5.e.60","element-6066-11e4-a52e-4f735466cecf":"f.0AF132DE3A7EC802AB76F0F2AB448356.d.196A44EF6F79CEED5BDEADCFC35632D5.e.60","selector":"devsite-iframe iframe","parent":{"capabilities":{"acceptInsecureCerts":false,"browserName":"chrome","browserVersion":"123.0.6312.107","chrome":{"chromedriverVersion":"123.0.6312.122 (31f8248cdd90acbac59f700b603fed0b5967ca50-refs/branch-heads/6312@{#824})","userDataDir":"C:\\Users\\vaheo\\AppData\\Local\\Temp\\scoped_dir23968_1513554748"},"fedcm:accounts":true,"goog:chromeOptions":{"debuggerAddress":"localhost:62893"},"networkConnectionEnabled":false,"pageLoadStrategy":"normal","platformName":"windows","proxy":{},"_":"10 more keys: [\"setWindowRect\",\"strictFileInteractability\",\"timeouts\",\"unhandledPromptBehavior\",\"webauthn:extension:credBlob\",\"webauthn:extension:largeBlob\",\"webauthn:extension:minPinLength\",\"webauthn:extension:prf\",\"webauthn:virtualAuthenticators\",\"wdio:driverPID\"]"}},"isReactElement":false,"isShadowElement":false}}
RESULT: {"id":{"sessionId":"08ed74c1927f16c870b7cdac8219f8f0","elementId":"f.0AF132DE3A7EC802AB76F0F2AB448356.d.196A44EF6F79CEED5BDEADCFC35632D5.e.60","element-6066-11e4-a52e-4f735466cecf":"f.0AF132DE3A7EC802AB76F0F2AB448356.d.196A44EF6F79CEED5BDEADCFC35632D5.e.60","selector":"devsite-iframe iframe","parent":{"capabilities":{"acceptInsecureCerts":false,"browserName":"chrome","browserVersion":"123.0.6312.107","chrome":{"chromedriverVersion":"123.0.6312.122 (31f8248cdd90acbac59f700b603fed0b5967ca50-refs/branch-heads/6312@{#824})","userDataDir":"C:\\Users\\vaheo\\AppData\\Local\\Temp\\scoped_dir23968_1513554748"},"fedcm:accounts":true,"goog:chromeOptions":{"debuggerAddress":"localhost:62893"},"networkConnectionEnabled":false,"pageLoadStrategy":"normal","platformName":"windows","proxy":{},"_":"10 more keys: [\"setWindowRect\",\"strictFileInteractability\",\"timeouts\",\"unhandledPromptBehavior\",\"webauthn:extension:credBlob\",\"webauthn:extension:largeBlob\",\"webauthn:extension:minPinLength\",\"webauthn:extension:prf\",\"webauthn:virtualAuthenticators\",\"wdio:driverPID\"]"}},"isReactElement":false,"isShadowElement":false}}
COMMAND: POST /session/08ed74c1927f16c870b7cdac8219f8f0/elements - {"using":"css selector","value":"iframe"}
RESULT: {"using":"css selector","value":"iframe"}
COMMAND: POST /session/08ed74c1927f16c870b7cdac8219f8f0/frame - {"id":{"element-6066-11e4-a52e-4f735466cecf":"f.2690432B00A7198470C2B3DF95535877.d.A05C3385AC302CEBE36070325F268F05.e.3"}}
RESULT: {"id":{"element-6066-11e4-a52e-4f735466cecf":"f.2690432B00A7198470C2B3DF95535877.d.A05C3385AC302CEBE36070325F268F05.e.3"}}
COMMAND: POST /session/08ed74c1927f16c870b7cdac8219f8f0/element - {"using":"xpath","value":"//input[@id='input_620']"}
RESULT: {"using":"xpath","value":"//input[@id='input_620']"}
COMMAND: POST /session/08ed74c1927f16c870b7cdac8219f8f0/execute/sync - {"script":"return (function isElementDisplayed(element) {\n    function nodeIsElement(node) {\n        if (!node) {\n            return false;\n        }\n        switch (node.nodeType) {\n            case Node.ELEMEN ... (8289 more bytes)","args":[{"element-6066-11e4-a52e-4f735466cecf":"f.B419BCEE0194D5DB7BB4B4ACFB35FDFA.d.CDED33E613CA8827A3EE78C0DE877B3E.e.385","ELEMENT":"f.B419BCEE0194D5DB7BB4B4ACFB35FDFA.d.CDED33E613CA8827A3EE78C0DE877B3E.e.385"}]}
RESULT: {"script":"return (function isElementDisplayed(element) {\n    function nodeIsElement(node) {\n        if (!node) {\n            return false;\n        }\n        switch (node.nodeType) {\n            case Node.ELEMEN ... (8289 more bytes)","args":[{"element-6066-11e4-a52e-4f735466cecf":"f.B419BCEE0194D5DB7BB4B4ACFB35FDFA.d.CDED33E613CA8827A3EE78C0DE877B3E.e.385","ELEMENT":"f.B419BCEE0194D5DB7BB4B4ACFB35FDFA.d.CDED33E613CA8827A3EE78C0DE877B3E.e.385"}]}
COMMAND: POST /session/08ed74c1927f16c870b7cdac8219f8f0/execute/sync - {"script":"return (function isElementClickable(elem) {\n    if (!elem.getBoundingClientRect || !elem.scrollIntoView || !elem.contains || !elem.getClientRects || !document.elementFromPoint) {\n        return false; ... (5343 more bytes)","args":[{"element-6066-11e4-a52e-4f735466cecf":"f.B419BCEE0194D5DB7BB4B4ACFB35FDFA.d.CDED33E613CA8827A3EE78C0DE877B3E.e.385","ELEMENT":"f.B419BCEE0194D5DB7BB4B4ACFB35FDFA.d.CDED33E613CA8827A3EE78C0DE877B3E.e.385"}]}
RESULT: {"script":"return (function isElementClickable(elem) {\n    if (!elem.getBoundingClientRect || !elem.scrollIntoView || !elem.contains || !elem.getClientRects || !document.elementFromPoint) {\n        return false; ... (5343 more bytes)","args":[{"element-6066-11e4-a52e-4f735466cecf":"f.B419BCEE0194D5DB7BB4B4ACFB35FDFA.d.CDED33E613CA8827A3EE78C0DE877B3E.e.385","ELEMENT":"f.B419BCEE0194D5DB7BB4B4ACFB35FDFA.d.CDED33E613CA8827A3EE78C0DE877B3E.e.385"}]}
COMMAND: POST /session/08ed74c1927f16c870b7cdac8219f8f0/element/f.B419BCEE0194D5DB7BB4B4ACFB35FDFA.d.CDED33E613CA8827A3EE78C0DE877B3E.e.385/click - {}
RESULT: {}
COMMAND: POST /session/08ed74c1927f16c870b7cdac8219f8f0/actions - {"actions":[{"id":"action2","type":"key","parameters":{},"actions":[{"type":"keyDown","value":""},{"type":"keyDown","value":"v"},{"type":"keyDown","value":""},{"type":"pause","duration":10},{"type":"keyUp","value":""},{"type":"keyUp","value":"v"},{"type":"keyUp","value":""}]}]}
RESULT: {"actions":[{"id":"action2","type":"key","parameters":{},"actions":[{"type":"keyDown","value":""},{"type":"keyDown","value":"v"},{"type":"keyDown","value":""},{"type":"pause","duration":10},{"type":"keyUp","value":""},{"type":"keyUp","value":"v"},{"type":"keyUp","value":""}]}]}
COMMAND: POST /session/08ed74c1927f16c870b7cdac8219f8f0/element - {"using":"xpath","value":"//button[normalize-space()='Send Email']"}
RESULT: {"using":"xpath","value":"//button[normalize-space()='Send Email']"}
COMMAND: POST /session/08ed74c1927f16c870b7cdac8219f8f0/execute/sync - {"script":"return (function isElementDisplayed(element) {\n    function nodeIsElement(node) {\n        if (!node) {\n            return false;\n        }\n        switch (node.nodeType) {\n            case Node.ELEMEN ... (8289 more bytes)","args":[{"element-6066-11e4-a52e-4f735466cecf":"f.B419BCEE0194D5DB7BB4B4ACFB35FDFA.d.CDED33E613CA8827A3EE78C0DE877B3E.e.394","ELEMENT":"f.B419BCEE0194D5DB7BB4B4ACFB35FDFA.d.CDED33E613CA8827A3EE78C0DE877B3E.e.394"}]}
RESULT: {"script":"return (function isElementDisplayed(element) {\n    function nodeIsElement(node) {\n        if (!node) {\n            return false;\n        }\n        switch (node.nodeType) {\n            case Node.ELEMEN ... (8289 more bytes)","args":[{"element-6066-11e4-a52e-4f735466cecf":"f.B419BCEE0194D5DB7BB4B4ACFB35FDFA.d.CDED33E613CA8827A3EE78C0DE877B3E.e.394","ELEMENT":"f.B419BCEE0194D5DB7BB4B4ACFB35FDFA.d.CDED33E613CA8827A3EE78C0DE877B3E.e.394"}]}
COMMAND: POST /session/08ed74c1927f16c870b7cdac8219f8f0/execute/sync - {"script":"return (function isElementClickable(elem) {\n    if (!elem.getBoundingClientRect || !elem.scrollIntoView || !elem.contains || !elem.getClientRects || !document.elementFromPoint) {\n        return false; ... (5343 more bytes)","args":[{"element-6066-11e4-a52e-4f735466cecf":"f.B419BCEE0194D5DB7BB4B4ACFB35FDFA.d.CDED33E613CA8827A3EE78C0DE877B3E.e.394","ELEMENT":"f.B419BCEE0194D5DB7BB4B4ACFB35FDFA.d.CDED33E613CA8827A3EE78C0DE877B3E.e.394"}]}
RESULT: {"script":"return (function isElementClickable(elem) {\n    if (!elem.getBoundingClientRect || !elem.scrollIntoView || !elem.contains || !elem.getClientRects || !document.elementFromPoint) {\n        return false; ... (5343 more bytes)","args":[{"element-6066-11e4-a52e-4f735466cecf":"f.B419BCEE0194D5DB7BB4B4ACFB35FDFA.d.CDED33E613CA8827A3EE78C0DE877B3E.e.394","ELEMENT":"f.B419BCEE0194D5DB7BB4B4ACFB35FDFA.d.CDED33E613CA8827A3EE78C0DE877B3E.e.394"}]}
COMMAND: POST /session/08ed74c1927f16c870b7cdac8219f8f0/element/f.B419BCEE0194D5DB7BB4B4ACFB35FDFA.d.CDED33E613CA8827A3EE78C0DE877B3E.e.394/click - {}
RESULT: {}
COMMAND: GET /session/08ed74c1927f16c870b7cdac8219f8f0/window/handles - {}
RESULT: {}
COMMAND: POST /session/08ed74c1927f16c870b7cdac8219f8f0/window - {"handle":"0AF132DE3A7EC802AB76F0F2AB448356"}
RESULT: {"handle":"0AF132DE3A7EC802AB76F0F2AB448356"}
COMMAND: GET /session/08ed74c1927f16c870b7cdac8219f8f0/url - {}
RESULT: {}
COMMAND: GET /session/08ed74c1927f16c870b7cdac8219f8f0/title - {}
RESULT: {}
COMMAND: POST /session/08ed74c1927f16c870b7cdac8219f8f0/execute/sync - {"script":"return (() => window.name).apply(null, arguments)","args":[]}
RESULT: {"script":"return (() => window.name).apply(null, arguments)","args":[]}
COMMAND: POST /session/08ed74c1927f16c870b7cdac8219f8f0/window - {"handle":"BAB7098838586BF739510870A8F06267"}
RESULT: {"handle":"BAB7098838586BF739510870A8F06267"}
COMMAND: GET /session/08ed74c1927f16c870b7cdac8219f8f0/url - {}
RESULT: {}
COMMAND: POST /session/08ed74c1927f16c870b7cdac8219f8f0/element - {"using":"xpath","value":"//a[normalize-space()='HTML-design']"}
RESULT: {"using":"xpath","value":"//a[normalize-space()='HTML-design']"}
COMMAND: POST /session/08ed74c1927f16c870b7cdac8219f8f0/element - {"using":"xpath","value":"//a[normalize-space()='HTML-design']"}
RESULT: {"using":"xpath","value":"//a[normalize-space()='HTML-design']"}
COMMAND: POST /session/08ed74c1927f16c870b7cdac8219f8f0/element - {"using":"xpath","value":"//a[normalize-space()='HTML-design']"}
RESULT: {"using":"xpath","value":"//a[normalize-space()='HTML-design']"}
COMMAND: POST /session/08ed74c1927f16c870b7cdac8219f8f0/element - {"using":"xpath","value":"//a[normalize-space()='HTML-design']"}
RESULT: {"using":"xpath","value":"//a[normalize-space()='HTML-design']"}
COMMAND: POST /session/08ed74c1927f16c870b7cdac8219f8f0/execute/sync - {"script":"return (function isElementDisplayed(element) {\n    function nodeIsElement(node) {\n        if (!node) {\n            return false;\n        }\n        switch (node.nodeType) {\n            case Node.ELEMEN ... (8289 more bytes)","args":[{"element-6066-11e4-a52e-4f735466cecf":"f.BAB7098838586BF739510870A8F06267.d.DA831D52CAC6A70B6131F4D23239F603.e.65","ELEMENT":"f.BAB7098838586BF739510870A8F06267.d.DA831D52CAC6A70B6131F4D23239F603.e.65"}]}
RESULT: {"script":"return (function isElementDisplayed(element) {\n    function nodeIsElement(node) {\n        if (!node) {\n            return false;\n        }\n        switch (node.nodeType) {\n            case Node.ELEMEN ... (8289 more bytes)","args":[{"element-6066-11e4-a52e-4f735466cecf":"f.BAB7098838586BF739510870A8F06267.d.DA831D52CAC6A70B6131F4D23239F603.e.65","ELEMENT":"f.BAB7098838586BF739510870A8F06267.d.DA831D52CAC6A70B6131F4D23239F603.e.65"}]}
COMMAND: POST /session/08ed74c1927f16c870b7cdac8219f8f0/execute/sync - {"script":"return (function isElementClickable(elem) {\n    if (!elem.getBoundingClientRect || !elem.scrollIntoView || !elem.contains || !elem.getClientRects || !document.elementFromPoint) {\n        return false; ... (5343 more bytes)","args":[{"element-6066-11e4-a52e-4f735466cecf":"f.BAB7098838586BF739510870A8F06267.d.DA831D52CAC6A70B6131F4D23239F603.e.65","ELEMENT":"f.BAB7098838586BF739510870A8F06267.d.DA831D52CAC6A70B6131F4D23239F603.e.65"}]}
RESULT: {"script":"return (function isElementClickable(elem) {\n    if (!elem.getBoundingClientRect || !elem.scrollIntoView || !elem.contains || !elem.getClientRects || !document.elementFromPoint) {\n        return false; ... (5343 more bytes)","args":[{"element-6066-11e4-a52e-4f735466cecf":"f.BAB7098838586BF739510870A8F06267.d.DA831D52CAC6A70B6131F4D23239F603.e.65","ELEMENT":"f.BAB7098838586BF739510870A8F06267.d.DA831D52CAC6A70B6131F4D23239F603.e.65"}]}
COMMAND: POST /session/08ed74c1927f16c870b7cdac8219f8f0/element/f.BAB7098838586BF739510870A8F06267.d.DA831D52CAC6A70B6131F4D23239F603.e.65/click - {}
RESULT: {}
COMMAND: POST /session/08ed74c1927f16c870b7cdac8219f8f0/element - {"using":"xpath","value":"//iframe[@class=\"mail-clean-html\"]"}
RESULT: {"using":"xpath","value":"//iframe[@class=\"mail-clean-html\"]"}
COMMAND: POST /session/08ed74c1927f16c870b7cdac8219f8f0/elements - {"using":"xpath","value":"//iframe[@class=\"mail-clean-html\"]"}
RESULT: {"using":"xpath","value":"//iframe[@class=\"mail-clean-html\"]"}
COMMAND: POST /session/08ed74c1927f16c870b7cdac8219f8f0/frame - {"id":{"sessionId":"08ed74c1927f16c870b7cdac8219f8f0","elementId":"f.BAB7098838586BF739510870A8F06267.d.DA831D52CAC6A70B6131F4D23239F603.e.71","element-6066-11e4-a52e-4f735466cecf":"f.BAB7098838586BF739510870A8F06267.d.DA831D52CAC6A70B6131F4D23239F603.e.71","selector":"//iframe[@class=\"mail-clean-html\"]","parent":{"capabilities":{"acceptInsecureCerts":false,"browserName":"chrome","browserVersion":"123.0.6312.107","chrome":{"chromedriverVersion":"123.0.6312.122 (31f8248cdd90acbac59f700b603fed0b5967ca50-refs/branch-heads/6312@{#824})","userDataDir":"C:\\Users\\vaheo\\AppData\\Local\\Temp\\scoped_dir23968_1513554748"},"fedcm:accounts":true,"goog:chromeOptions":{"debuggerAddress":"localhost:62893"},"networkConnectionEnabled":false,"pageLoadStrategy":"normal","platformName":"windows","proxy":{},"_":"10 more keys: [\"setWindowRect\",\"strictFileInteractability\",\"timeouts\",\"unhandledPromptBehavior\",\"webauthn:extension:credBlob\",\"webauthn:extension:largeBlob\",\"webauthn:extension:minPinLength\",\"webauthn:extension:prf\",\"webauthn:virtualAuthenticators\",\"wdio:driverPID\"]"}},"isReactElement":false,"isShadowElement":false}}
RESULT: {"id":{"sessionId":"08ed74c1927f16c870b7cdac8219f8f0","elementId":"f.BAB7098838586BF739510870A8F06267.d.DA831D52CAC6A70B6131F4D23239F603.e.71","element-6066-11e4-a52e-4f735466cecf":"f.BAB7098838586BF739510870A8F06267.d.DA831D52CAC6A70B6131F4D23239F603.e.71","selector":"//iframe[@class=\"mail-clean-html\"]","parent":{"capabilities":{"acceptInsecureCerts":false,"browserName":"chrome","browserVersion":"123.0.6312.107","chrome":{"chromedriverVersion":"123.0.6312.122 (31f8248cdd90acbac59f700b603fed0b5967ca50-refs/branch-heads/6312@{#824})","userDataDir":"C:\\Users\\vaheo\\AppData\\Local\\Temp\\scoped_dir23968_1513554748"},"fedcm:accounts":true,"goog:chromeOptions":{"debuggerAddress":"localhost:62893"},"networkConnectionEnabled":false,"pageLoadStrategy":"normal","platformName":"windows","proxy":{},"_":"10 more keys: [\"setWindowRect\",\"strictFileInteractability\",\"timeouts\",\"unhandledPromptBehavior\",\"webauthn:extension:credBlob\",\"webauthn:extension:largeBlob\",\"webauthn:extension:minPinLength\",\"webauthn:extension:prf\",\"webauthn:virtualAuthenticators\",\"wdio:driverPID\"]"}},"isReactElement":false,"isShadowElement":false}}
COMMAND: POST /session/08ed74c1927f16c870b7cdac8219f8f0/element - {"using":"css selector","value":"tr[class='odd'] td:nth-child(4)"}
RESULT: {"using":"css selector","value":"tr[class='odd'] td:nth-child(4)"}
COMMAND: POST /session/08ed74c1927f16c870b7cdac8219f8f0/elements - {"using":"css selector","value":"tr[class='odd'] td:nth-child(4)"}
COMMAND: GET /session/08ed74c1927f16c870b7cdac8219f8f0/element/f.225177E780DD30C57F34F64FFEF7886F.d.4276ED590B3969A5FA52D3872B7176FC.e.80/text - {}
RESULT: {}
COMMAND: DELETE /session/08ed74c1927f16c870b7cdac8219f8f0 - {}
RESULT: {"using":"css selector","value":"tr[class='odd'] td:nth-child(4)"}
RESULT: {}
]]></system-out>
    </testcase>
  </testsuite>
</testsuites>